<?xml version="1.0" encoding="UTF-8"?>
<!-- Generated by org.testng.reporters.JUnitReportReporter -->
<testsuite hostname="DESKTOP-CBLEUAT" name="com.restassured.RestDemo" tests="2" failures="0" timestamp="22 Apr 2020 23:52:16 GMT" time="3.426" errors="0">
  <testcase name="test_02" time="0.186" classname="com.restassured.RestDemo"/>
  <testcase name="test_01" time="3.240" classname="com.restassured.RestDemo"/>
</testsuite> <!-- com.restassured.RestDemo -->
