<?xml version="1.0" encoding="UTF-8"?>
<!-- Generated by org.testng.reporters.JUnitReportReporter -->
<testsuite hostname="DESKTOP-CBLEUAT" name="com.testng.NewToursUnitTesting" tests="1" failures="0" timestamp="8 May 2020 21:24:42 GMT" time="12.852" errors="0">
  <testcase name="execution" time="12.852" classname="com.testng.NewToursUnitTesting"/>
</testsuite> <!-- com.testng.NewToursUnitTesting -->
