<?xml version="1.0" encoding="UTF-8"?>
<!-- Generated by org.testng.reporters.JUnitReportReporter -->
<testsuite hostname="DESKTOP-CBLEUAT" name="com.testng.NewToursUnitTesting" tests="1" failures="0" timestamp="5 Apr 2020 23:41:09 GMT" time="22.555" errors="0">
  <testcase name="execution" time="22.555" classname="com.testng.NewToursUnitTesting"/>
</testsuite> <!-- com.testng.NewToursUnitTesting -->
